# JRE version: OpenJDK Runtime Environment Temurin-17.0.9+9 (17.0.9+9) (build 17.0.9+9)
# Java VM: OpenJDK 64-Bit Server VM Temurin-17.0.9+9 (17.0.9+9, mixed mode, tiered, compressed oops, compressed class ptrs, parallel gc, windows-amd64)
GC Precious Log:
 CPUs: 4 total, 4 available
 Memory: 8099M
 Large Page Support: Disabled
 NUMA Support: Disabled
 Compressed Oops: Enabled (32-bit)
 Alignments: Space 512K, Generation 512K, Heap 2M
 Heap Min Capacity: 100M
 Heap Initial Capacity: 100M
 Heap Max Capacity: 1G
 Pre-touch: Disabled
 Parallel Workers: 4
Heap:
 PSYoungGen      total 17920K, used 2540K [0x00000000eab00000, 0x00000000ec680000, 0x0000000100000000)
  eden space 15360K, 0% used [0x00000000eab00000,0x00000000eab00000,0x00000000eba00000)
  from space 2560K, 99% used [0x00000000ebf00000,0x00000000ec17b160,0x00000000ec180000)
  to   space 5120K, 0% used [0x00000000eba00000,0x00000000eba00000,0x00000000ebf00000)
 ParOldGen       total 107520K, used 106289K [0x00000000c0000000, 0x00000000c6900000, 0x00000000eab00000)
  object space 107520K, 98% used [0x00000000c0000000,0x00000000c67cc670,0x00000000c6900000)
 Metaspace       used 77016K, committed 78272K, reserved 1179648K
  class space    used 8040K, committed 8576K, reserved 1048576K
GC Heap History (20 events):
Event: 141.967 GC heap after
{Heap after GC invocations=60 (full 4):
 PSYoungGen      total 18944K, used 860K [0x00000000eab00000, 0x00000000ec180000, 0x0000000100000000)
  eden space 17920K, 0% used [0x00000000eab00000,0x00000000eab00000,0x00000000ebc80000)
  from space 1024K, 84% used [0x00000000ebf80000,0x00000000ec057148,0x00000000ec080000)
  to   space 1024K, 0% used [0x00000000ec080000,0x00000000ec080000,0x00000000ec180000)
 ParOldGen       total 107520K, used 100574K [0x00000000c0000000, 0x00000000c6900000, 0x00000000eab00000)
  object space 107520K, 93% used [0x00000000c0000000,0x00000000c6237ae0,0x00000000c6900000)
 Metaspace       used 76260K, committed 77504K, reserved 1179648K
  class space    used 8022K, committed 8576K, reserved 1048576K
}
Event: 142.021 GC heap before
{Heap before GC invocations=61 (full 4):
 PSYoungGen      total 18944K, used 16443K [0x00000000eab00000, 0x00000000ec180000, 0x0000000100000000)
  eden space 17920K, 86% used [0x00000000eab00000,0x00000000eba37dc0,0x00000000ebc80000)
  from space 1024K, 84% used [0x00000000ebf80000,0x00000000ec057148,0x00000000ec080000)
  to   space 1024K, 0% used [0x00000000ec080000,0x00000000ec080000,0x00000000ec180000)
 ParOldGen       total 107520K, used 100574K [0x00000000c0000000, 0x00000000c6900000, 0x00000000eab00000)
  object space 107520K, 93% used [0x00000000c0000000,0x00000000c6237ae0,0x00000000c6900000)
 Metaspace       used 76273K, committed 77568K, reserved 1179648K
  class space    used 8022K, committed 8576K, reserved 1048576K
}
Event: 142.023 GC heap after
{Heap after GC invocations=61 (full 4):
 PSYoungGen      total 18944K, used 796K [0x00000000eab00000, 0x00000000ec180000, 0x0000000100000000)
  eden space 17920K, 0% used [0x00000000eab00000,0x00000000eab00000,0x00000000ebc80000)
  from space 1024K, 77% used [0x00000000ec080000,0x00000000ec147148,0x00000000ec180000)
  to   space 1024K, 0% used [0x00000000ebf80000,0x00000000ebf80000,0x00000000ec080000)
 ParOldGen       total 107520K, used 100574K [0x00000000c0000000, 0x00000000c6900000, 0x00000000eab00000)
  object space 107520K, 93% used [0x00000000c0000000,0x00000000c6237ae0,0x00000000c6900000)
 Metaspace       used 76273K, committed 77568K, reserved 1179648K
  class space    used 8022K, committed 8576K, reserved 1048576K
}
Event: 148.149 GC heap before
{Heap before GC invocations=62 (full 4):
 PSYoungGen      total 18944K, used 18716K [0x00000000eab00000, 0x00000000ec180000, 0x0000000100000000)
  eden space 17920K, 100% used [0x00000000eab00000,0x00000000ebc80000,0x00000000ebc80000)
  from space 1024K, 77% used [0x00000000ec080000,0x00000000ec147148,0x00000000ec180000)
  to   space 1024K, 0% used [0x00000000ebf80000,0x00000000ebf80000,0x00000000ec080000)
 ParOldGen       total 107520K, used 100574K [0x00000000c0000000, 0x00000000c6900000, 0x00000000eab00000)
  object space 107520K, 93% used [0x00000000c0000000,0x00000000c6237ae0,0x00000000c6900000)
 Metaspace       used 76479K, committed 77760K, reserved 1179648K
  class space    used 8029K, committed 8576K, reserved 1048576K
}
Event: 148.152 GC heap after
{Heap after GC invocations=62 (full 4):
 PSYoungGen      total 18944K, used 1000K [0x00000000eab00000, 0x00000000ec180000, 0x0000000100000000)
  eden space 17920K, 0% used [0x00000000eab00000,0x00000000eab00000,0x00000000ebc80000)
  from space 1024K, 97% used [0x00000000ebf80000,0x00000000ec07a100,0x00000000ec080000)
  to   space 1024K, 0% used [0x00000000ec080000,0x00000000ec080000,0x00000000ec180000)
 ParOldGen       total 107520K, used 101513K [0x00000000c0000000, 0x00000000c6900000, 0x00000000eab00000)
  object space 107520K, 94% used [0x00000000c0000000,0x00000000c63227c0,0x00000000c6900000)
 Metaspace       used 76479K, committed 77760K, reserved 1179648K
  class space    used 8029K, committed 8576K, reserved 1048576K
}
Event: 150.994 GC heap before
{Heap before GC invocations=63 (full 4):
 PSYoungGen      total 18944K, used 18920K [0x00000000eab00000, 0x00000000ec180000, 0x0000000100000000)
  eden space 17920K, 100% used [0x00000000eab00000,0x00000000ebc80000,0x00000000ebc80000)
  from space 1024K, 97% used [0x00000000ebf80000,0x00000000ec07a100,0x00000000ec080000)
  to   space 1024K, 0% used [0x00000000ec080000,0x00000000ec080000,0x00000000ec180000)
 ParOldGen       total 107520K, used 101513K [0x00000000c0000000, 0x00000000c6900000, 0x00000000eab00000)
  object space 107520K, 94% used [0x00000000c0000000,0x00000000c63227c0,0x00000000c6900000)
 Metaspace       used 76587K, committed 77824K, reserved 1179648K
  class space    used 8038K, committed 8576K, reserved 1048576K
}
Event: 150.996 GC heap after
{Heap after GC invocations=63 (full 4):
 PSYoungGen      total 18944K, used 1008K [0x00000000eab00000, 0x00000000ec180000, 0x0000000100000000)
  eden space 17920K, 0% used [0x00000000eab00000,0x00000000eab00000,0x00000000ebc80000)
  from space 1024K, 98% used [0x00000000ec080000,0x00000000ec17c040,0x00000000ec180000)
  to   space 2560K, 0% used [0x00000000ebc80000,0x00000000ebc80000,0x00000000ebf00000)
 ParOldGen       total 107520K, used 102636K [0x00000000c0000000, 0x00000000c6900000, 0x00000000eab00000)
  object space 107520K, 95% used [0x00000000c0000000,0x00000000c643b330,0x00000000c6900000)
 Metaspace       used 76587K, committed 77824K, reserved 1179648K
  class space    used 8038K, committed 8576K, reserved 1048576K
}
Event: 153.311 GC heap before
{Heap before GC invocations=64 (full 4):
 PSYoungGen      total 18944K, used 18928K [0x00000000eab00000, 0x00000000ec180000, 0x0000000100000000)
  eden space 17920K, 100% used [0x00000000eab00000,0x00000000ebc80000,0x00000000ebc80000)
  from space 1024K, 98% used [0x00000000ec080000,0x00000000ec17c040,0x00000000ec180000)
  to   space 2560K, 0% used [0x00000000ebc80000,0x00000000ebc80000,0x00000000ebf00000)
 ParOldGen       total 107520K, used 102636K [0x00000000c0000000, 0x00000000c6900000, 0x00000000eab00000)
  object space 107520K, 95% used [0x00000000c0000000,0x00000000c643b330,0x00000000c6900000)
 Metaspace       used 76742K, committed 77952K, reserved 1179648K
  class space    used 8038K, committed 8576K, reserved 1048576K
}
Event: 153.313 GC heap after
{Heap after GC invocations=64 (full 4):
 PSYoungGen      total 20480K, used 1872K [0x00000000eab00000, 0x00000000ec100000, 0x0000000100000000)
  eden space 17920K, 0% used [0x00000000eab00000,0x00000000eab00000,0x00000000ebc80000)
  from space 2560K, 73% used [0x00000000ebc80000,0x00000000ebe54060,0x00000000ebf00000)
  to   space 2048K, 0% used [0x00000000ebf00000,0x00000000ebf00000,0x00000000ec100000)
 ParOldGen       total 107520K, used 102726K [0x00000000c0000000, 0x00000000c6900000, 0x00000000eab00000)
  object space 107520K, 95% used [0x00000000c0000000,0x00000000c6451ae8,0x00000000c6900000)
 Metaspace       used 76742K, committed 77952K, reserved 1179648K
  class space    used 8038K, committed 8576K, reserved 1048576K
}
Event: 154.350 GC heap before
{Heap before GC invocations=65 (full 4):
 PSYoungGen      total 20480K, used 19792K [0x00000000eab00000, 0x00000000ec100000, 0x0000000100000000)
  eden space 17920K, 100% used [0x00000000eab00000,0x00000000ebc80000,0x00000000ebc80000)
  from space 2560K, 73% used [0x00000000ebc80000,0x00000000ebe54060,0x00000000ebf00000)
  to   space 2048K, 0% used [0x00000000ebf00000,0x00000000ebf00000,0x00000000ec100000)
 ParOldGen       total 107520K, used 102726K [0x00000000c0000000, 0x00000000c6900000, 0x00000000eab00000)
  object space 107520K, 95% used [0x00000000c0000000,0x00000000c6451ae8,0x00000000c6900000)
 Metaspace       used 76803K, committed 78016K, reserved 1179648K
  class space    used 8038K, committed 8576K, reserved 1048576K
}
Event: 154.353 GC heap after
{Heap after GC invocations=65 (full 4):
 PSYoungGen      total 19968K, used 2016K [0x00000000eab00000, 0x00000000ec180000, 0x0000000100000000)
  eden space 17920K, 0% used [0x00000000eab00000,0x00000000eab00000,0x00000000ebc80000)
  from space 2048K, 98% used [0x00000000ebf00000,0x00000000ec0f8030,0x00000000ec100000)
  to   space 2560K, 0% used [0x00000000ebc80000,0x00000000ebc80000,0x00000000ebf00000)
 ParOldGen       total 107520K, used 103027K [0x00000000c0000000, 0x00000000c6900000, 0x00000000eab00000)
  object space 107520K, 95% used [0x00000000c0000000,0x00000000c649cd90,0x00000000c6900000)
 Metaspace       used 76803K, committed 78016K, reserved 1179648K
  class space    used 8038K, committed 8576K, reserved 1048576K
}
Event: 155.548 GC heap before
{Heap before GC invocations=66 (full 4):
 PSYoungGen      total 19968K, used 19936K [0x00000000eab00000, 0x00000000ec180000, 0x0000000100000000)
  eden space 17920K, 100% used [0x00000000eab00000,0x00000000ebc80000,0x00000000ebc80000)
  from space 2048K, 98% used [0x00000000ebf00000,0x00000000ec0f8030,0x00000000ec100000)
  to   space 2560K, 0% used [0x00000000ebc80000,0x00000000ebc80000,0x00000000ebf00000)
 ParOldGen       total 107520K, used 103027K [0x00000000c0000000, 0x00000000c6900000, 0x00000000eab00000)
  object space 107520K, 95% used [0x00000000c0000000,0x00000000c649cd90,0x00000000c6900000)
 Metaspace       used 76907K, committed 78144K, reserved 1179648K
  class space    used 8038K, committed 8576K, reserved 1048576K
}
Event: 155.551 GC heap after
{Heap after GC invocations=66 (full 4):
 PSYoungGen      total 19456K, used 1488K [0x00000000eab00000, 0x00000000ec080000, 0x0000000100000000)
  eden space 17920K, 0% used [0x00000000eab00000,0x00000000eab00000,0x00000000ebc80000)
  from space 1536K, 96% used [0x00000000ebc80000,0x00000000ebdf4030,0x00000000ebe00000)
  to   space 2048K, 0% used [0x00000000ebe80000,0x00000000ebe80000,0x00000000ec080000)
 ParOldGen       total 107520K, used 103909K [0x00000000c0000000, 0x00000000c6900000, 0x00000000eab00000)
  object space 107520K, 96% used [0x00000000c0000000,0x00000000c6579700,0x00000000c6900000)
 Metaspace       used 76907K, committed 78144K, reserved 1179648K
  class space    used 8038K, committed 8576K, reserved 1048576K
}
Event: 157.721 GC heap before
{Heap before GC invocations=67 (full 4):
 PSYoungGen      total 19456K, used 19408K [0x00000000eab00000, 0x00000000ec080000, 0x0000000100000000)
  eden space 17920K, 100% used [0x00000000eab00000,0x00000000ebc80000,0x00000000ebc80000)
  from space 1536K, 96% used [0x00000000ebc80000,0x00000000ebdf4030,0x00000000ebe00000)
  to   space 2048K, 0% used [0x00000000ebe80000,0x00000000ebe80000,0x00000000ec080000)
 ParOldGen       total 107520K, used 103909K [0x00000000c0000000, 0x00000000c6900000, 0x00000000eab00000)
  object space 107520K, 96% used [0x00000000c0000000,0x00000000c6579700,0x00000000c6900000)
 Metaspace       used 76942K, committed 78144K, reserved 1179648K
  class space    used 8039K, committed 8576K, reserved 1048576K
}
Event: 157.723 GC heap after
{Heap after GC invocations=67 (full 4):
 PSYoungGen      total 18944K, used 992K [0x00000000eab00000, 0x00000000ebf80000, 0x0000000100000000)
  eden space 17920K, 0% used [0x00000000eab00000,0x00000000eab00000,0x00000000ebc80000)
  from space 1024K, 96% used [0x00000000ebe80000,0x00000000ebf78000,0x00000000ebf80000)
  to   space 1536K, 0% used [0x00000000ebc80000,0x00000000ebc80000,0x00000000ebe00000)
 ParOldGen       total 107520K, used 103917K [0x00000000c0000000, 0x00000000c6900000, 0x00000000eab00000)
  object space 107520K, 96% used [0x00000000c0000000,0x00000000c657b700,0x00000000c6900000)
 Metaspace       used 76942K, committed 78144K, reserved 1179648K
  class space    used 8039K, committed 8576K, reserved 1048576K
}
Event: 160.164 GC heap before
{Heap before GC invocations=68 (full 4):
 PSYoungGen      total 18944K, used 18912K [0x00000000eab00000, 0x00000000ebf80000, 0x0000000100000000)
  eden space 17920K, 100% used [0x00000000eab00000,0x00000000ebc80000,0x00000000ebc80000)
  from space 1024K, 96% used [0x00000000ebe80000,0x00000000ebf78000,0x00000000ebf80000)
  to   space 1536K, 0% used [0x00000000ebc80000,0x00000000ebc80000,0x00000000ebe00000)
 ParOldGen       total 107520K, used 103917K [0x00000000c0000000, 0x00000000c6900000, 0x00000000eab00000)
  object space 107520K, 96% used [0x00000000c0000000,0x00000000c657b700,0x00000000c6900000)
 Metaspace       used 76986K, committed 78208K, reserved 1179648K
  class space    used 8040K, committed 8576K, reserved 1048576K
}
Event: 160.166 GC heap after
{Heap after GC invocations=68 (full 4):
 PSYoungGen      total 19456K, used 1504K [0x00000000eab00000, 0x00000000ec180000, 0x0000000100000000)
  eden space 17920K, 0% used [0x00000000eab00000,0x00000000eab00000,0x00000000ebc80000)
  from space 1536K, 97% used [0x00000000ebc80000,0x00000000ebdf8020,0x00000000ebe00000)
  to   space 2560K, 0% used [0x00000000ebf00000,0x00000000ebf00000,0x00000000ec180000)
 ParOldGen       total 107520K, used 104397K [0x00000000c0000000, 0x00000000c6900000, 0x00000000eab00000)
  object space 107520K, 97% used [0x00000000c0000000,0x00000000c65f3760,0x00000000c6900000)
 Metaspace       used 76986K, committed 78208K, reserved 1179648K
  class space    used 8040K, committed 8576K, reserved 1048576K
}
Event: 165.032 GC heap before
{Heap before GC invocations=69 (full 4):
 PSYoungGen      total 19456K, used 19424K [0x00000000eab00000, 0x00000000ec180000, 0x0000000100000000)
  eden space 17920K, 100% used [0x00000000eab00000,0x00000000ebc80000,0x00000000ebc80000)
  from space 1536K, 97% used [0x00000000ebc80000,0x00000000ebdf8020,0x00000000ebe00000)
  to   space 2560K, 0% used [0x00000000ebf00000,0x00000000ebf00000,0x00000000ec180000)
 ParOldGen       total 107520K, used 104397K [0x00000000c0000000, 0x00000000c6900000, 0x00000000eab00000)
  object space 107520K, 97% used [0x00000000c0000000,0x00000000c65f3760,0x00000000c6900000)
 Metaspace       used 77016K, committed 78272K, reserved 1179648K
  class space    used 8040K, committed 8576K, reserved 1048576K
}
Event: 165.037 GC heap after
{Heap after GC invocations=69 (full 4):
 PSYoungGen      total 17920K, used 2540K [0x00000000eab00000, 0x00000000ec680000, 0x0000000100000000)
  eden space 15360K, 0% used [0x00000000eab00000,0x00000000eab00000,0x00000000eba00000)
  from space 2560K, 99% used [0x00000000ebf00000,0x00000000ec17b160,0x00000000ec180000)
  to   space 5120K, 0% used [0x00000000eba00000,0x00000000eba00000,0x00000000ebf00000)
 ParOldGen       total 107520K, used 106289K [0x00000000c0000000, 0x00000000c6900000, 0x00000000eab00000)
  object space 107520K, 98% used [0x00000000c0000000,0x00000000c67cc670,0x00000000c6900000)
 Metaspace       used 77016K, committed 78272K, reserved 1179648K
  class space    used 8040K, committed 8576K, reserved 1048576K
}
Event: 165.037 GC heap before
{Heap before GC invocations=70 (full 5):
 PSYoungGen      total 17920K, used 2540K [0x00000000eab00000, 0x00000000ec680000, 0x0000000100000000)
  eden space 15360K, 0% used [0x00000000eab00000,0x00000000eab00000,0x00000000eba00000)
  from space 2560K, 99% used [0x00000000ebf00000,0x00000000ec17b160,0x00000000ec180000)
  to   space 5120K, 0% used [0x00000000eba00000,0x00000000eba00000,0x00000000ebf00000)
 ParOldGen       total 107520K, used 106289K [0x00000000c0000000, 0x00000000c6900000, 0x00000000eab00000)
  object space 107520K, 98% used [0x00000000c0000000,0x00000000c67cc670,0x00000000c6900000)
 Metaspace       used 77016K, committed 78272K, reserved 1179648K
  class space    used 8040K, committed 8576K, reserved 1048576K
}

